==5775== Cachegrind, a cache and branch-prediction profiler
==5775== Copyright (C) 2002-2012, and GNU GPL'd, by Nicholas Nethercote et al.
==5775== Using Valgrind-3.8.1 and LibVEX; rerun with -h for copyright info
==5775== Command: ./bin/mult_great 122
==5775== 
==5775== 
==5775== I   refs:      6,168
==5775== I1  misses:      223
==5775== LLi misses:      222
==5775== I1  miss rate:  3.61%
==5775== LLi miss rate:  3.59%
==5775== 
==5775== D   refs:      1,903  (1,349 rd   + 554 wr)
==5775== D1  misses:      182  (  105 rd   +  77 wr)
==5775== LLd misses:      182  (  105 rd   +  77 wr)
==5775== D1  miss rate:   9.5% (  7.7%     + 13.8%  )
==5775== LLd miss rate:   9.5% (  7.7%     + 13.8%  )
==5775== 
==5775== LL refs:         405  (  328 rd   +  77 wr)
==5775== LL misses:       404  (  327 rd   +  77 wr)
==5775== LL miss rate:    5.0% (  4.3%     + 13.8%  )
